2025-03-09 19:23:21,501:INFO:Sell Signal Generated: Bearish Regime or Strong Bearish Indicators, Confidence=0.90
2025-03-09 19:23:21,501:INFO:Sell Signal Generated: Bearish Regime or Strong Bearish Indicators, Confidence=0.60
2025-03-09 19:23:21,508:INFO:Sell Signal Generated: Bearish Regime or Strong Bearish Indicators, Confidence=0.80
2025-03-09 19:23:21,510:INFO:Sell Signal Generated: Bearish Regime or Strong Bearish Indicators, Confidence=0.80
2025-03-09 19:23:21,511:INFO:Sell Signal Generated: Bearish Regime or Strong Bearish Indicators, Confidence=0.80
2025-03-09 19:23:21,512:INFO:Sell Signal Generated: Bearish Regime or Strong Bearish Indicators, Confidence=0.80
2025-03-09 19:23:21,512:INFO:Sell Signal Generated: Bearish Regime or Strong Bearish Indicators, Confidence=0.80
2025-03-09 19:23:21,525:INFO:Sell Signal Generated: Bearish Regime or Strong Bearish Indicators, Confidence=0.80
2025-03-09 19:23:21,525:INFO:Sell Signal Generated: Bearish Regime or Strong Bearish Indicators, Confidence=0.80
2025-03-09 19:23:21,526:INFO:Sell Signal Generated: Bearish Regime or Strong Bearish Indicators, Confidence=0.80
2025-03-09 19:23:21,527:INFO:Sell Signal Generated: Bearish Regime or Strong Bearish Indicators, Confidence=0.80
2025-03-09 19:23:21,527:INFO:Sell Signal Generated: Bearish Regime or Strong Bearish Indicators, Confidence=0.80
2025-03-09 19:23:21,528:INFO:Sell Signal Generated: Bearish Regime or Strong Bearish Indicators, Confidence=0.80
2025-03-09 19:23:21,528:INFO:Sell Signal Generated: Bearish Regime or Strong Bearish Indicators, Confidence=0.80
2025-03-09 19:23:21,529:INFO:Sell Signal Generated: Bearish Regime or Strong Bearish Indicators, Confidence=0.80
2025-03-09 19:23:21,531:INFO:Sell Signal Generated: Bearish Regime or Strong Bearish Indicators, Confidence=0.80
2025-03-09 19:23:21,531:INFO:Sell Signal Generated: Bearish Regime or Strong Bearish Indicators, Confidence=0.80
2025-03-09 19:23:21,551:INFO:Sell Signal Generated: Bearish Regime or Strong Bearish Indicators, Confidence=0.80
2025-03-09 19:23:21,551:INFO:Sell Signal Generated: Bearish Regime or Strong Bearish Indicators, Confidence=0.80
2025-03-09 19:23:21,552:INFO:Sell Signal Generated: Bearish Regime or Strong Bearish Indicators, Confidence=0.80
2025-03-09 19:23:21,552:INFO:Sell Signal Generated: Bearish Regime or Strong Bearish Indicators, Confidence=0.80
2025-03-09 19:23:21,553:INFO:Sell Signal Generated: Bearish Regime or Strong Bearish Indicators, Confidence=0.80
2025-03-09 19:23:21,554:INFO:Sell Signal Generated: Bearish Regime or Strong Bearish Indicators, Confidence=0.80
2025-03-09 19:23:21,554:INFO:Sell Signal Generated: Bearish Regime or Strong Bearish Indicators, Confidence=0.80
2025-03-09 19:23:21,555:INFO:Sell Signal Generated: Bearish Regime or Strong Bearish Indicators, Confidence=0.80
2025-03-09 19:23:21,555:INFO:Sell Signal Generated: Bearish Regime or Strong Bearish Indicators, Confidence=0.80
2025-03-09 19:23:21,587:INFO:Sell Signal Generated: Bearish Regime or Strong Bearish Indicators, Confidence=0.20
2025-03-09 19:23:21,588:INFO:Sell Signal Generated: Bearish Regime or Strong Bearish Indicators, Confidence=0.20
2025-03-09 19:23:21,589:INFO:Sell Signal Generated: Bearish Regime or Strong Bearish Indicators, Confidence=0.60
2025-03-09 19:23:21,612:INFO:Sell Signal Generated: Bearish Regime or Strong Bearish Indicators, Confidence=0.60
2025-03-09 19:23:21,613:INFO:Sell Signal Generated: Bearish Regime or Strong Bearish Indicators, Confidence=0.80
2025-03-09 19:23:21,613:INFO:Sell Signal Generated: Bearish Regime or Strong Bearish Indicators, Confidence=0.60
2025-03-09 19:23:21,622:INFO:Sell Signal Generated: Bearish Regime or Strong Bearish Indicators, Confidence=0.80
2025-03-09 19:23:21,623:INFO:Sell Signal Generated: Bearish Regime or Strong Bearish Indicators, Confidence=0.80
2025-03-09 19:23:21,635:INFO:Sell Signal Generated: Bearish Regime or Strong Bearish Indicators, Confidence=0.90
2025-03-09 19:23:21,635:INFO:Sell Signal Generated: Bearish Regime or Strong Bearish Indicators, Confidence=0.90
2025-03-09 19:23:21,658:INFO:Sell Signal Generated: Bearish Regime or Strong Bearish Indicators, Confidence=1.10
2025-03-09 19:23:21,667:INFO:Sell Signal Generated: Bearish Regime or Strong Bearish Indicators, Confidence=0.80
2025-03-09 19:23:21,668:INFO:Sell Signal Generated: Bearish Regime or Strong Bearish Indicators, Confidence=0.80
2025-03-09 19:23:21,669:INFO:Sell Signal Generated: Bearish Regime or Strong Bearish Indicators, Confidence=0.80
2025-03-09 19:23:21,682:INFO:Sell Signal Generated: Bearish Regime or Strong Bearish Indicators, Confidence=0.80
2025-03-09 19:23:21,682:INFO:Sell Signal Generated: Bearish Regime or Strong Bearish Indicators, Confidence=0.80
2025-03-09 19:23:21,683:INFO:Sell Signal Generated: Bearish Regime or Strong Bearish Indicators, Confidence=0.80
2025-03-09 19:23:21,684:INFO:Sell Signal Generated: Bearish Regime or Strong Bearish Indicators, Confidence=0.80
2025-03-09 19:23:21,687:INFO:Sell Signal Generated: Bearish Regime or Strong Bearish Indicators, Confidence=0.80
2025-03-09 19:23:21,688:INFO:Sell Signal Generated: Bearish Regime or Strong Bearish Indicators, Confidence=0.80
2025-03-09 19:23:21,694:INFO:Sell Signal Generated: Bearish Regime or Strong Bearish Indicators, Confidence=0.80
2025-03-09 19:23:21,694:INFO:Sell Signal Generated: Bearish Regime or Strong Bearish Indicators, Confidence=0.80
2025-03-09 19:23:21,695:INFO:Sell Signal Generated: Bearish Regime or Strong Bearish Indicators, Confidence=0.80
2025-03-09 19:23:21,696:INFO:Sell Signal Generated: Bearish Regime or Strong Bearish Indicators, Confidence=0.80
2025-03-09 19:23:21,696:INFO:Sell Signal Generated: Bearish Regime or Strong Bearish Indicators, Confidence=0.80
2025-03-09 19:23:21,721:INFO:Sell Signal Generated: Bearish Regime or Strong Bearish Indicators, Confidence=0.60
2025-03-09 19:23:21,722:INFO:Sell Signal Generated: Bearish Regime or Strong Bearish Indicators, Confidence=0.60
2025-03-09 19:23:21,756:INFO:Sell Signal Generated: Bearish Regime or Strong Bearish Indicators, Confidence=0.60
2025-03-09 19:23:21,757:INFO:Sell Signal Generated: Bearish Regime or Strong Bearish Indicators, Confidence=0.60
2025-03-09 19:23:21,765:INFO:Sell Signal Generated: Bearish Regime or Strong Bearish Indicators, Confidence=0.80
2025-03-09 19:23:21,782:INFO:Sell Signal Generated: Bearish Regime or Strong Bearish Indicators, Confidence=0.80
2025-03-09 19:23:21,782:INFO:Sell Signal Generated: Bearish Regime or Strong Bearish Indicators, Confidence=0.80
2025-03-09 19:23:21,813:INFO:Sell Signal Generated: Bearish Regime or Strong Bearish Indicators, Confidence=0.90
2025-03-09 19:23:21,814:INFO:Sell Signal Generated: Bearish Regime or Strong Bearish Indicators, Confidence=0.60
2025-03-09 19:23:21,820:INFO:Sell Signal Generated: Bearish Regime or Strong Bearish Indicators, Confidence=0.80
2025-03-09 19:23:21,845:INFO:Sell Signal Generated: Bearish Regime or Strong Bearish Indicators, Confidence=0.60
2025-03-09 19:23:21,846:INFO:Sell Signal Generated: Bearish Regime or Strong Bearish Indicators, Confidence=0.80
2025-03-09 19:23:21,847:INFO:Sell Signal Generated: Bearish Regime or Strong Bearish Indicators, Confidence=0.80
2025-03-09 19:23:21,847:INFO:Sell Signal Generated: Bearish Regime or Strong Bearish Indicators, Confidence=0.60
2025-03-09 19:23:21,863:INFO:Sell Signal Generated: Bearish Regime or Strong Bearish Indicators, Confidence=0.60
2025-03-09 19:23:21,872:INFO:Sell Signal Generated: Bearish Regime or Strong Bearish Indicators, Confidence=0.80
2025-03-09 19:23:21,873:INFO:Sell Signal Generated: Bearish Regime or Strong Bearish Indicators, Confidence=0.80
2025-03-09 19:23:21,874:INFO:Sell Signal Generated: Bearish Regime or Strong Bearish Indicators, Confidence=0.80
2025-03-09 19:23:21,874:INFO:Sell Signal Generated: Bearish Regime or Strong Bearish Indicators, Confidence=0.80
2025-03-09 19:23:21,914:INFO:Sell Signal Generated: Bearish Regime or Strong Bearish Indicators, Confidence=0.60
2025-03-09 19:23:21,921:INFO:Sell Signal Generated: Bearish Regime or Strong Bearish Indicators, Confidence=0.60
2025-03-09 19:23:21,936:INFO:Sell Signal Generated: Bearish Regime or Strong Bearish Indicators, Confidence=0.80
2025-03-09 19:23:21,936:INFO:Sell Signal Generated: Bearish Regime or Strong Bearish Indicators, Confidence=0.80
2025-03-09 19:23:21,937:INFO:Sell Signal Generated: Bearish Regime or Strong Bearish Indicators, Confidence=0.80
2025-03-09 19:23:21,937:INFO:Sell Signal Generated: Bearish Regime or Strong Bearish Indicators, Confidence=0.80
2025-03-09 19:23:21,942:INFO:Sell Signal Generated: Bearish Regime or Strong Bearish Indicators, Confidence=0.80
2025-03-09 19:23:21,949:INFO:Sell Signal Generated: Bearish Regime or Strong Bearish Indicators, Confidence=0.80
2025-03-09 19:23:21,950:INFO:Sell Signal Generated: Bearish Regime or Strong Bearish Indicators, Confidence=0.80
2025-03-09 19:23:21,950:INFO:Sell Signal Generated: Bearish Regime or Strong Bearish Indicators, Confidence=0.80
2025-03-09 19:23:21,951:INFO:Sell Signal Generated: Bearish Regime or Strong Bearish Indicators, Confidence=0.80
2025-03-09 19:23:21,952:INFO:Sell Signal Generated: Bearish Regime or Strong Bearish Indicators, Confidence=0.80
2025-03-09 19:23:21,952:INFO:Sell Signal Generated: Bearish Regime or Strong Bearish Indicators, Confidence=0.80
2025-03-09 19:23:21,961:INFO:Sell Signal Generated: Bearish Regime or Strong Bearish Indicators, Confidence=0.80
2025-03-09 19:23:21,975:INFO:Sell Signal Generated: Bearish Regime or Strong Bearish Indicators, Confidence=0.80
2025-03-09 19:23:21,975:INFO:Sell Signal Generated: Bearish Regime or Strong Bearish Indicators, Confidence=0.80
2025-03-09 19:23:21,976:INFO:Sell Signal Generated: Bearish Regime or Strong Bearish Indicators, Confidence=0.80
2025-03-09 19:23:21,977:INFO:Sell Signal Generated: Bearish Regime or Strong Bearish Indicators, Confidence=0.80
2025-03-09 19:23:21,978:INFO:Sell Signal Generated: Bearish Regime or Strong Bearish Indicators, Confidence=0.80
2025-03-09 19:23:21,979:INFO:Sell Signal Generated: Bearish Regime or Strong Bearish Indicators, Confidence=0.80
2025-03-09 19:23:21,992:INFO:Sell Signal Generated: Bearish Regime or Strong Bearish Indicators, Confidence=0.60
2025-03-09 19:23:21,993:INFO:Sell Signal Generated: Bearish Regime or Strong Bearish Indicators, Confidence=0.60
2025-03-09 19:23:21,993:INFO:Sell Signal Generated: Bearish Regime or Strong Bearish Indicators, Confidence=0.60
2025-03-09 19:23:21,994:INFO:Sell Signal Generated: Bearish Regime or Strong Bearish Indicators, Confidence=0.60
2025-03-09 19:23:21,996:INFO:Sell Signal Generated: Bearish Regime or Strong Bearish Indicators, Confidence=0.60
2025-03-09 19:23:22,034:INFO:Sell Signal Generated: Bearish Regime or Strong Bearish Indicators, Confidence=0.80
2025-03-09 19:23:22,045:INFO:Sell Signal Generated: Bearish Regime or Strong Bearish Indicators, Confidence=0.20
2025-03-09 19:23:22,046:INFO:Sell Signal Generated: Bearish Regime or Strong Bearish Indicators, Confidence=0.20
2025-03-09 19:23:22,047:INFO:Sell Signal Generated: Bearish Regime or Strong Bearish Indicators, Confidence=0.20
2025-03-09 19:23:22,063:INFO:Sell Signal Generated: Bearish Regime or Strong Bearish Indicators, Confidence=0.80
2025-03-09 19:23:22,065:INFO:Initial Signal Summary: Buy Signals: 1, Sell Signals: 100, Confidence Mean: 0.09, Confidence Std: 0.25, Low Confidence (<0.1): 1266
2025-03-09 19:23:22,065:INFO:Signal Summary [2025-01-01 00:00:00 to 2025-01-01 23:00:00]: Buy Signals: 0, Sell Signals: 0, Confidence Mean: 0.00
2025-03-09 19:23:22,066:INFO:Signal Summary [2025-01-02 00:00:00 to 2025-01-02 23:00:00]: Buy Signals: 0, Sell Signals: 0, Confidence Mean: 0.00
2025-03-09 19:23:22,066:INFO:Signal Summary [2025-01-03 00:00:00 to 2025-01-03 23:00:00]: Buy Signals: 0, Sell Signals: 0, Confidence Mean: 0.00
2025-03-09 19:23:22,066:INFO:Signal Summary [2025-01-04 00:00:00 to 2025-01-04 23:00:00]: Buy Signals: 0, Sell Signals: 0, Confidence Mean: 0.00
2025-03-09 19:23:22,067:INFO:Signal Summary [2025-01-05 00:00:00 to 2025-01-05 23:00:00]: Buy Signals: 0, Sell Signals: 0, Confidence Mean: 0.00
2025-03-09 19:23:22,067:INFO:Signal Summary [2025-01-06 00:00:00 to 2025-01-06 23:00:00]: Buy Signals: 0, Sell Signals: 0, Confidence Mean: 0.00
2025-03-09 19:23:22,067:INFO:Signal Summary [2025-01-07 00:00:00 to 2025-01-07 23:00:00]: Buy Signals: 0, Sell Signals: 0, Confidence Mean: 0.00
2025-03-09 19:23:22,068:INFO:Signal Summary [2025-01-08 00:00:00 to 2025-01-08 23:00:00]: Buy Signals: 0, Sell Signals: 0, Confidence Mean: 0.00
2025-03-09 19:23:22,068:INFO:Signal Summary [2025-01-09 00:00:00 to 2025-01-09 23:00:00]: Buy Signals: 0, Sell Signals: 0, Confidence Mean: 0.00
2025-03-09 19:23:22,069:INFO:Signal Summary [2025-01-10 00:00:00 to 2025-01-10 23:00:00]: Buy Signals: 0, Sell Signals: 0, Confidence Mean: 0.00
2025-03-09 19:23:22,069:INFO:Signal Summary [2025-01-11 00:00:00 to 2025-01-11 23:00:00]: Buy Signals: 0, Sell Signals: 0, Confidence Mean: 0.06
2025-03-09 19:23:22,069:INFO:Signal Summary [2025-01-12 00:00:00 to 2025-01-12 23:00:00]: Buy Signals: 0, Sell Signals: 0, Confidence Mean: 0.12
2025-03-09 19:23:22,070:INFO:Signal Summary [2025-01-13 00:00:00 to 2025-01-13 23:00:00]: Buy Signals: 0, Sell Signals: 2, Confidence Mean: 0.10
2025-03-09 19:23:22,070:INFO:Signal Summary [2025-01-14 00:00:00 to 2025-01-14 23:00:00]: Buy Signals: 0, Sell Signals: 5, Confidence Mean: 0.20
2025-03-09 19:23:22,070:INFO:Signal Summary [2025-01-15 00:00:00 to 2025-01-15 23:00:00]: Buy Signals: 0, Sell Signals: 9, Confidence Mean: 0.30
2025-03-09 19:23:22,071:INFO:Signal Summary [2025-01-16 00:00:00 to 2025-01-16 23:00:00]: Buy Signals: 0, Sell Signals: 1, Confidence Mean: 0.13
2025-03-09 19:23:22,071:INFO:Signal Summary [2025-01-17 00:00:00 to 2025-01-17 23:00:00]: Buy Signals: 0, Sell Signals: 9, Confidence Mean: 0.37
2025-03-09 19:23:22,072:INFO:Signal Summary [2025-01-18 00:00:00 to 2025-01-18 23:00:00]: Buy Signals: 0, Sell Signals: 0, Confidence Mean: 0.10
2025-03-09 19:23:22,072:INFO:Signal Summary [2025-01-19 00:00:00 to 2025-01-19 23:00:00]: Buy Signals: 0, Sell Signals: 0, Confidence Mean: 0.22
2025-03-09 19:23:22,072:INFO:Signal Summary [2025-01-20 00:00:00 to 2025-01-20 23:00:00]: Buy Signals: 0, Sell Signals: 0, Confidence Mean: 0.00
2025-03-09 19:23:22,073:INFO:Signal Summary [2025-01-21 00:00:00 to 2025-01-21 23:00:00]: Buy Signals: 0, Sell Signals: 3, Confidence Mean: 0.18
2025-03-09 19:23:22,073:INFO:Signal Summary [2025-01-22 00:00:00 to 2025-01-22 23:00:00]: Buy Signals: 0, Sell Signals: 0, Confidence Mean: 0.03
2025-03-09 19:23:22,073:INFO:Signal Summary [2025-01-23 00:00:00 to 2025-01-23 23:00:00]: Buy Signals: 0, Sell Signals: 3, Confidence Mean: 0.15
2025-03-09 19:23:22,074:INFO:Signal Summary [2025-01-24 00:00:00 to 2025-01-24 23:00:00]: Buy Signals: 0, Sell Signals: 2, Confidence Mean: 0.18
2025-03-09 19:23:22,074:INFO:Signal Summary [2025-01-25 00:00:00 to 2025-01-25 23:00:00]: Buy Signals: 0, Sell Signals: 2, Confidence Mean: 0.18
2025-03-09 19:23:22,074:INFO:Signal Summary [2025-01-26 00:00:00 to 2025-01-26 23:00:00]: Buy Signals: 0, Sell Signals: 0, Confidence Mean: 0.03
2025-03-09 19:23:22,075:INFO:Signal Summary [2025-01-27 00:00:00 to 2025-01-27 23:00:00]: Buy Signals: 0, Sell Signals: 1, Confidence Mean: 0.04
2025-03-09 19:23:22,075:INFO:Signal Summary [2025-01-28 00:00:00 to 2025-01-28 23:00:00]: Buy Signals: 0, Sell Signals: 3, Confidence Mean: 0.13
2025-03-09 19:23:22,075:INFO:Signal Summary [2025-01-29 00:00:00 to 2025-01-29 23:00:00]: Buy Signals: 0, Sell Signals: 4, Confidence Mean: 0.22
2025-03-09 19:23:22,076:INFO:Signal Summary [2025-01-30 00:00:00 to 2025-01-30 23:00:00]: Buy Signals: 0, Sell Signals: 7, Confidence Mean: 0.27
2025-03-09 19:23:22,076:INFO:Signal Summary [2025-01-31 00:00:00 to 2025-01-31 23:00:00]: Buy Signals: 0, Sell Signals: 0, Confidence Mean: 0.03
2025-03-09 19:23:22,076:INFO:Signal Summary [2025-02-01 00:00:00 to 2025-02-01 23:00:00]: Buy Signals: 0, Sell Signals: 2, Confidence Mean: 0.05
2025-03-09 19:23:22,076:INFO:Signal Summary [2025-02-02 00:00:00 to 2025-02-02 23:00:00]: Buy Signals: 0, Sell Signals: 0, Confidence Mean: 0.00
2025-03-09 19:23:22,077:INFO:Signal Summary [2025-02-03 00:00:00 to 2025-02-03 23:00:00]: Buy Signals: 0, Sell Signals: 0, Confidence Mean: 0.00
2025-03-09 19:23:22,077:INFO:Signal Summary [2025-02-04 00:00:00 to 2025-02-04 23:00:00]: Buy Signals: 0, Sell Signals: 0, Confidence Mean: 0.03
2025-03-09 19:23:22,077:INFO:Signal Summary [2025-02-05 00:00:00 to 2025-02-05 23:00:00]: Buy Signals: 0, Sell Signals: 2, Confidence Mean: 0.05
2025-03-09 19:23:22,078:INFO:Signal Summary [2025-02-06 00:00:00 to 2025-02-06 23:00:00]: Buy Signals: 0, Sell Signals: 1, Confidence Mean: 0.06
2025-03-09 19:23:22,078:INFO:Signal Summary [2025-02-07 00:00:00 to 2025-02-07 23:00:00]: Buy Signals: 0, Sell Signals: 2, Confidence Mean: 0.17
2025-03-09 19:23:22,078:INFO:Signal Summary [2025-02-08 00:00:00 to 2025-02-08 23:00:00]: Buy Signals: 0, Sell Signals: 0, Confidence Mean: 0.00
2025-03-09 19:23:22,079:INFO:Signal Summary [2025-02-09 00:00:00 to 2025-02-09 23:00:00]: Buy Signals: 0, Sell Signals: 0, Confidence Mean: 0.00
2025-03-09 19:23:22,079:INFO:Signal Summary [2025-02-10 00:00:00 to 2025-02-10 23:00:00]: Buy Signals: 0, Sell Signals: 3, Confidence Mean: 0.33
2025-03-09 19:23:22,079:INFO:Signal Summary [2025-02-11 00:00:00 to 2025-02-11 23:00:00]: Buy Signals: 0, Sell Signals: 0, Confidence Mean: 0.03
2025-03-09 19:23:22,080:INFO:Signal Summary [2025-02-12 00:00:00 to 2025-02-12 23:00:00]: Buy Signals: 0, Sell Signals: 4, Confidence Mean: 0.15
2025-03-09 19:23:22,080:INFO:Signal Summary [2025-02-13 00:00:00 to 2025-02-13 23:00:00]: Buy Signals: 0, Sell Signals: 1, Confidence Mean: 0.03
2025-03-09 19:23:22,081:INFO:Signal Summary [2025-02-14 00:00:00 to 2025-02-14 23:00:00]: Buy Signals: 0, Sell Signals: 4, Confidence Mean: 0.23
2025-03-09 19:23:22,081:INFO:Signal Summary [2025-02-15 00:00:00 to 2025-02-15 23:00:00]: Buy Signals: 0, Sell Signals: 0, Confidence Mean: 0.00
2025-03-09 19:23:22,081:INFO:Signal Summary [2025-02-16 00:00:00 to 2025-02-16 23:00:00]: Buy Signals: 0, Sell Signals: 0, Confidence Mean: 0.00
2025-03-09 19:23:22,082:INFO:Signal Summary [2025-02-17 00:00:00 to 2025-02-17 23:00:00]: Buy Signals: 0, Sell Signals: 1, Confidence Mean: 0.03
2025-03-09 19:23:22,082:INFO:Signal Summary [2025-02-18 00:00:00 to 2025-02-18 23:00:00]: Buy Signals: 0, Sell Signals: 1, Confidence Mean: 0.03
2025-03-09 19:23:22,082:INFO:Signal Summary [2025-02-19 00:00:00 to 2025-02-19 23:00:00]: Buy Signals: 0, Sell Signals: 4, Confidence Mean: 0.20
2025-03-09 19:23:22,083:INFO:Signal Summary [2025-02-20 00:00:00 to 2025-02-20 23:00:00]: Buy Signals: 0, Sell Signals: 7, Confidence Mean: 0.33
2025-03-09 19:23:22,083:INFO:Signal Summary [2025-02-21 00:00:00 to 2025-02-21 23:00:00]: Buy Signals: 1, Sell Signals: 1, Confidence Mean: 0.13
2025-03-09 19:23:22,083:INFO:Signal Summary [2025-02-22 00:00:00 to 2025-02-22 23:00:00]: Buy Signals: 0, Sell Signals: 5, Confidence Mean: 0.17
2025-03-09 19:23:22,084:INFO:Signal Summary [2025-02-23 00:00:00 to 2025-02-23 23:00:00]: Buy Signals: 0, Sell Signals: 2, Confidence Mean: 0.06
2025-03-09 19:23:22,084:INFO:Signal Summary [2025-02-24 00:00:00 to 2025-02-24 23:00:00]: Buy Signals: 0, Sell Signals: 4, Confidence Mean: 0.10
2025-03-09 19:23:22,084:INFO:Signal Summary [2025-02-25 00:00:00 to 2025-02-25 23:00:00]: Buy Signals: 0, Sell Signals: 0, Confidence Mean: 0.00
2025-03-09 19:23:22,085:INFO:Signal Summary [2025-02-26 00:00:00 to 2025-02-26 23:00:00]: Buy Signals: 0, Sell Signals: 0, Confidence Mean: 0.00
2025-03-09 19:23:22,085:INFO:Signal Summary [2025-02-27 00:00:00 to 2025-02-27 23:00:00]: Buy Signals: 0, Sell Signals: 1, Confidence Mean: 0.03
2025-03-09 19:23:22,085:INFO:Signal Summary [2025-02-28 00:00:00 to 2025-02-28 23:00:00]: Buy Signals: 0, Sell Signals: 3, Confidence Mean: 0.03
2025-03-09 19:23:22,086:INFO:Signal Summary [2025-03-01 00:00:00 to 2025-03-01 23:00:00]: Buy Signals: 0, Sell Signals: 1, Confidence Mean: 0.10
2025-03-09 19:23:22,123:INFO:Accepted signal at 2025-01-13 20:00:00 with confidence 0.90
2025-03-09 19:23:22,125:INFO:Accepted signal at 2025-01-14 09:00:00 with confidence 0.80
2025-03-09 19:23:22,126:INFO:Accepted signal at 2025-01-14 14:00:00 with confidence 0.80
2025-03-09 19:23:22,127:INFO:Accepted signal at 2025-01-14 16:00:00 with confidence 0.80
2025-03-09 19:23:22,127:INFO:Accepted signal at 2025-01-14 18:00:00 with confidence 0.80
2025-03-09 19:23:22,129:INFO:Accepted signal at 2025-01-15 13:00:00 with confidence 0.80
2025-03-09 19:23:22,130:INFO:Accepted signal at 2025-01-15 15:00:00 with confidence 0.80
2025-03-09 19:23:22,130:INFO:Accepted signal at 2025-01-15 17:00:00 with confidence 0.80
2025-03-09 19:23:22,131:INFO:Accepted signal at 2025-01-15 19:00:00 with confidence 0.80
2025-03-09 19:23:22,132:INFO:Accepted signal at 2025-01-15 23:00:00 with confidence 0.80
2025-03-09 19:23:22,137:INFO:Accepted signal at 2025-01-17 13:00:00 with confidence 0.80
2025-03-09 19:23:22,138:INFO:Accepted signal at 2025-01-17 17:00:00 with confidence 0.80
2025-03-09 19:23:22,138:INFO:Accepted signal at 2025-01-17 19:00:00 with confidence 0.80
2025-03-09 19:23:22,139:INFO:Accepted signal at 2025-01-17 21:00:00 with confidence 0.80
2025-03-09 19:23:22,150:INFO:Accepted signal at 2025-01-21 14:00:00 with confidence 0.20
2025-03-09 19:23:22,151:INFO:Accepted signal at 2025-01-21 16:00:00 with confidence 0.60
2025-03-09 19:23:22,157:INFO:Accepted signal at 2025-01-23 14:00:00 with confidence 0.60
2025-03-09 19:23:22,157:INFO:Accepted signal at 2025-01-23 16:00:00 with confidence 0.60
2025-03-09 19:23:22,160:INFO:Accepted signal at 2025-01-24 17:00:00 with confidence 0.80
2025-03-09 19:23:22,164:INFO:Accepted signal at 2025-01-25 16:00:00 with confidence 0.90
2025-03-09 19:23:22,170:INFO:Accepted signal at 2025-01-27 14:00:00 with confidence 1.00
2025-03-09 19:23:22,174:INFO:Accepted signal at 2025-01-28 14:00:00 with confidence 0.80
2025-03-09 19:23:22,177:INFO:Accepted signal at 2025-01-29 18:00:00 with confidence 0.80
2025-03-09 19:23:22,179:INFO:Accepted signal at 2025-01-30 03:00:00 with confidence 0.80
2025-03-09 19:23:22,180:INFO:Accepted signal at 2025-01-30 14:00:00 with confidence 0.80
2025-03-09 19:23:22,181:INFO:Accepted signal at 2025-01-30 18:00:00 with confidence 0.80
2025-03-09 19:23:22,188:INFO:Accepted signal at 2025-02-01 18:00:00 with confidence 0.60
2025-03-09 19:23:22,200:INFO:Accepted signal at 2025-02-05 14:00:00 with confidence 0.60
2025-03-09 19:23:22,203:INFO:Accepted signal at 2025-02-06 06:00:00 with confidence 0.80
2025-03-09 19:23:22,207:INFO:Accepted signal at 2025-02-07 13:00:00 with confidence 0.80
2025-03-09 19:23:22,216:INFO:Accepted signal at 2025-02-10 03:00:00 with confidence 0.90
2025-03-09 19:23:22,216:INFO:Accepted signal at 2025-02-10 05:00:00 with confidence 0.60
2025-03-09 19:23:22,218:INFO:Accepted signal at 2025-02-10 18:00:00 with confidence 0.80
2025-03-09 19:23:22,225:INFO:Accepted signal at 2025-02-12 15:00:00 with confidence 0.60
2025-03-09 19:23:22,225:INFO:Accepted signal at 2025-02-12 17:00:00 with confidence 0.80
2025-03-09 19:23:22,230:INFO:Accepted signal at 2025-02-13 23:00:00 with confidence 0.60
2025-03-09 19:23:22,232:INFO:Accepted signal at 2025-02-14 14:00:00 with confidence 0.80
2025-03-09 19:23:22,233:INFO:Accepted signal at 2025-02-14 18:00:00 with confidence 0.80
2025-03-09 19:23:22,243:INFO:Accepted signal at 2025-02-17 21:00:00 with confidence 0.60
2025-03-09 19:23:22,245:INFO:Accepted signal at 2025-02-18 12:00:00 with confidence 0.60
2025-03-09 19:23:22,249:INFO:Accepted signal at 2025-02-19 14:00:00 with confidence 0.80
2025-03-09 19:23:22,251:INFO:Accepted signal at 2025-02-20 02:00:00 with confidence 0.80
2025-03-09 19:23:22,253:INFO:Accepted signal at 2025-02-20 15:00:00 with confidence 0.80
2025-03-09 19:23:22,254:INFO:Accepted signal at 2025-02-20 19:00:00 with confidence 0.80
2025-03-09 19:23:22,256:INFO:Accepted signal at 2025-02-21 13:00:00 with confidence 0.80
2025-03-09 19:23:22,257:INFO:Accepted signal at 2025-02-21 17:00:00 with confidence 0.80
2025-03-09 19:23:22,260:INFO:Accepted signal at 2025-02-22 16:00:00 with confidence 0.80
2025-03-09 19:23:22,261:INFO:Accepted signal at 2025-02-22 21:00:00 with confidence 0.80
2025-03-09 19:23:22,265:INFO:Accepted signal at 2025-02-23 23:00:00 with confidence 0.60
2025-03-09 19:23:22,267:INFO:Accepted signal at 2025-02-24 07:00:00 with confidence 0.60
2025-03-09 19:23:22,276:INFO:Accepted signal at 2025-02-27 09:00:00 with confidence 0.80
2025-03-09 19:23:22,281:INFO:Accepted signal at 2025-02-28 16:00:00 with confidence 0.20
2025-03-09 19:23:22,281:INFO:Accepted signal at 2025-02-28 20:00:00 with confidence 0.20
2025-03-09 19:23:22,285:INFO:Accepted signal at 2025-03-01 21:00:00 with confidence 0.80
2025-03-09 19:23:22,286:INFO:Final Signal Summary After Filtering: Buy Signals: 1, Sell Signals: 53, Filtered Out: 47
2025-03-09 19:23:22,378:INFO:Trade Entry (Sell) at 2025-01-13 20:00:00: 0.005000 BTC, Price: 93519.73 USD
2025-03-09 19:23:22,383:INFO:Trade Entry (Sell) at 2025-01-14 09:00:00: 0.005000 BTC, Price: 97114.46 USD
2025-03-09 19:23:22,384:INFO:Trade Entry (Sell) at 2025-01-14 14:00:00: 0.005000 BTC, Price: 96250.59 USD
2025-03-09 19:23:22,385:INFO:Trade Entry (Sell) at 2025-01-14 16:00:00: 0.005000 BTC, Price: 95696.18 USD
2025-03-09 19:23:22,386:INFO:Trade Entry (Sell) at 2025-01-14 18:00:00: 0.005000 BTC, Price: 96722.25 USD
2025-03-09 19:23:22,391:INFO:Trade Entry (Sell) at 2025-01-15 13:00:00: 0.005000 BTC, Price: 98988.00 USD
2025-03-09 19:23:22,392:INFO:Trade Entry (Sell) at 2025-01-15 15:00:00: 0.005000 BTC, Price: 98965.22 USD
2025-03-09 19:23:22,393:INFO:Trade Entry (Sell) at 2025-01-15 17:00:00: 0.005000 BTC, Price: 98639.13 USD
2025-03-09 19:23:22,393:INFO:Trade Entry (Sell) at 2025-01-15 19:00:00: 0.005000 BTC, Price: 99883.58 USD
2025-03-09 19:23:22,395:INFO:Trade Entry (Sell) at 2025-01-15 23:00:00: 0.005000 BTC, Price: 100517.17 USD
2025-03-09 19:23:22,404:INFO:Trade Entry (Sell) at 2025-01-17 13:00:00: 0.005000 BTC, Price: 102439.56 USD
2025-03-09 19:23:22,406:INFO:Trade Entry (Sell) at 2025-01-17 17:00:00: 0.005000 BTC, Price: 104165.69 USD
2025-03-09 19:23:22,407:INFO:Trade Entry (Sell) at 2025-01-17 19:00:00: 0.005000 BTC, Price: 105929.58 USD
2025-03-09 19:23:22,407:INFO:Trade Entry (Sell) at 2025-01-17 21:00:00: 0.005000 BTC, Price: 104647.12 USD
2025-03-09 19:23:22,431:INFO:Trade Entry (Sell) at 2025-01-21 14:00:00: 0.005000 BTC, Price: 103126.60 USD
2025-03-09 19:23:22,432:INFO:Trade Entry (Sell) at 2025-01-21 16:00:00: 0.005000 BTC, Price: 104909.37 USD
2025-03-09 19:23:22,444:INFO:Trade Entry (Sell) at 2025-01-23 14:00:00: 0.005000 BTC, Price: 105202.72 USD
2025-03-09 19:23:22,444:INFO:Trade Entry (Sell) at 2025-01-23 16:00:00: 0.005000 BTC, Price: 105226.12 USD
2025-03-09 19:23:22,451:INFO:Trade Entry (Sell) at 2025-01-24 17:00:00: 0.005000 BTC, Price: 106550.27 USD
2025-03-09 19:23:22,458:INFO:Trade Entry (Sell) at 2025-01-25 16:00:00: 0.005000 BTC, Price: 104647.73 USD
2025-03-09 19:23:22,471:INFO:Trade Entry (Sell) at 2025-01-27 14:00:00: 0.005000 BTC, Price: 101895.18 USD
2025-03-09 19:23:22,479:INFO:Trade Entry (Sell) at 2025-01-28 14:00:00: 0.005000 BTC, Price: 102666.22 USD
2025-03-09 19:23:22,487:INFO:Trade Entry (Sell) at 2025-01-29 18:00:00: 0.005000 BTC, Price: 102876.99 USD
2025-03-09 19:23:22,490:INFO:Trade Entry (Sell) at 2025-01-30 03:00:00: 0.005000 BTC, Price: 105100.00 USD
2025-03-09 19:23:22,493:INFO:Trade Entry (Sell) at 2025-01-30 14:00:00: 0.005000 BTC, Price: 105920.04 USD
2025-03-09 19:23:22,494:INFO:Trade Entry (Sell) at 2025-01-30 18:00:00: 0.005000 BTC, Price: 105649.00 USD
2025-03-09 19:23:22,507:INFO:Trade Entry (Sell) at 2025-02-01 18:00:00: 0.005000 BTC, Price: 101980.43 USD
2025-03-09 19:23:22,531:INFO:Trade Entry (Sell) at 2025-02-05 14:00:00: 0.005000 BTC, Price: 98332.66 USD
2025-03-09 19:23:22,536:INFO:Trade Entry (Sell) at 2025-02-06 06:00:00: 0.005000 BTC, Price: 98414.12 USD
2025-03-09 19:23:22,546:INFO:Trade Entry (Sell) at 2025-02-07 13:00:00: 0.005000 BTC, Price: 98890.00 USD
2025-03-09 19:23:22,563:INFO:Trade Entry (Sell) at 2025-02-10 03:00:00: 0.005000 BTC, Price: 96803.82 USD
2025-03-09 19:23:22,564:INFO:Trade Entry (Sell) at 2025-02-10 05:00:00: 0.005000 BTC, Price: 97020.53 USD
2025-03-09 19:23:22,568:INFO:Trade Entry (Sell) at 2025-02-10 18:00:00: 0.005000 BTC, Price: 97578.20 USD
2025-03-09 19:23:22,581:INFO:Trade Entry (Sell) at 2025-02-12 15:00:00: 0.005000 BTC, Price: 95821.06 USD
2025-03-09 19:23:22,581:INFO:Trade Entry (Sell) at 2025-02-12 17:00:00: 0.005000 BTC, Price: 97399.54 USD
2025-03-09 19:23:22,590:INFO:Trade Entry (Sell) at 2025-02-13 23:00:00: 0.005000 BTC, Price: 96626.52 USD
2025-03-09 19:23:22,594:INFO:Trade Entry (Sell) at 2025-02-14 14:00:00: 0.005000 BTC, Price: 97303.78 USD
2025-03-09 19:23:22,595:INFO:Trade Entry (Sell) at 2025-02-14 18:00:00: 0.005000 BTC, Price: 98235.71 USD
2025-03-09 19:23:22,616:INFO:Trade Entry (Sell) at 2025-02-17 21:00:00: 0.005000 BTC, Price: 96421.91 USD
2025-03-09 19:23:22,621:INFO:Trade Entry (Sell) at 2025-02-18 12:00:00: 0.005000 BTC, Price: 96176.82 USD
2025-03-09 19:23:22,629:INFO:Trade Entry (Sell) at 2025-02-19 14:00:00: 0.005000 BTC, Price: 95758.46 USD
2025-03-09 19:23:22,632:INFO:Trade Entry (Sell) at 2025-02-20 02:00:00: 0.005000 BTC, Price: 97144.17 USD
2025-03-09 19:23:22,636:INFO:Trade Entry (Sell) at 2025-02-20 15:00:00: 0.005000 BTC, Price: 96893.28 USD
2025-03-09 19:23:22,637:INFO:Trade Entry (Sell) at 2025-02-20 19:00:00: 0.005000 BTC, Price: 98458.50 USD
2025-03-09 19:23:22,643:INFO:Trade Entry (Sell) at 2025-02-21 13:00:00: 0.005000 BTC, Price: 99407.56 USD
2025-03-09 19:23:22,644:INFO:Trade Entry (Buy) at 2025-02-21 17:00:00: 0.005000 BTC, Price: 96966.58 USD
2025-03-09 19:23:22,651:INFO:Trade Entry (Sell) at 2025-02-22 16:00:00: 0.005000 BTC, Price: 96501.40 USD
2025-03-09 19:23:22,652:INFO:Trade Entry (Sell) at 2025-02-22 21:00:00: 0.005000 BTC, Price: 96674.54 USD
2025-03-09 19:23:22,660:INFO:Trade Entry (Sell) at 2025-02-23 23:00:00: 0.005000 BTC, Price: 96281.00 USD
2025-03-09 19:23:22,662:INFO:Trade Entry (Sell) at 2025-02-24 07:00:00: 0.005000 BTC, Price: 95902.97 USD
2025-03-09 19:23:22,681:INFO:Trade Entry (Sell) at 2025-02-27 09:00:00: 0.005000 BTC, Price: 86058.60 USD
2025-03-09 19:23:22,690:INFO:Trade Entry (Sell) at 2025-02-28 16:00:00: 0.005000 BTC, Price: 84363.80 USD
2025-03-09 19:23:22,691:INFO:Trade Entry (Sell) at 2025-02-28 20:00:00: 0.005000 BTC, Price: 84190.95 USD
2025-03-09 19:23:22,698:INFO:Trade Entry (Sell) at 2025-03-01 21:00:00: 0.005000 BTC, Price: 86036.51 USD
